<?xml version="1.0" encoding="UTF-8"?>
<!-- Generated by org.testng.reporters.JUnitXMLReporter -->
<testsuite ignored="0" hostname="DESKTOP-ADQ2RU7" failures="0" tests="6" name="test" time="27.583" errors="0" timestamp="2025-03-25T17:01:32 IST">
  <testcase classname="testBase.BaseClass" name="verify_Login" time="0.796"/>
  <testcase classname="testCases.TC0012_ReimbursementTravelAdvance" name="verify_RequisitionPage" time="1.409"/>
  <testcase classname="testCases.TC0012_ReimbursementTravelAdvance" name="verify_myReimbursement" time="9.108"/>
  <testcase classname="testBase.BaseClass" name="verify_Login" time="0.817"/>
  <testcase classname="testCases.TC0013_ReimbursementOtherAdvance" name="verify_RequisitionPage" time="1.496"/>
  <testcase classname="testCases.TC0013_ReimbursementOtherAdvance" name="verify_myReimbursement" time="4.055"/>
</testsuite> <!-- test -->
